Excelsior JET v11.0 Evaluation 64-bit (c) Excelsior 1997,2015
Active Java SE Version 1.8.0_40 (profile 8040)
************************  JET v11.0 EVALUATION **************************
*  This program cannot be used in a business, commercial, government,  *
*  or  institutional  environment  except  for  evaluation  purposes.  *
************************************************************************
Make project "/home/n00r/NetBeansProjects/WEGAGUI/WEGAGUI.prj"
Reading dist/WEGAGUI.jar ...  26 classes
Reading dist/lib/AbsoluteLayout.jar ...  2 classes
Reading dist/lib/beansbinding-1.2.1.jar ...  213 classes

Total compilable classes within classpath entries: 241

------------------------  Parsing Stage  ---------------------------------------

   1/241: dist/WEGAGUI.jar:/guiPackage/JobStartup_pg$1.class
   2/241: dist/WEGAGUI.jar:/guiPackage/JobStartup_pg$2.class
   3/241: dist/WEGAGUI.jar:/guiPackage/JobStartup_pg$3.class
   4/241: dist/WEGAGUI.jar:/guiPackage/JobStartup_pg$4.class
   5/241: dist/WEGAGUI.jar:/guiPackage/JobStartup_pg$5.class
   6/241: dist/WEGAGUI.jar:/guiPackage/JobStartup_pg$6.class
   7/241: dist/WEGAGUI.jar:/guiPackage/JobStartup_pg$7.class
   8/241: dist/WEGAGUI.jar:/guiPackage/JobStartup_pg$8.class
   9/241: dist/WEGAGUI.jar:/guiPackage/JobStartup_pg.class
  10/241: dist/WEGAGUI.jar:/guiPackage/MasterInterface$1.class
  11/241: dist/WEGAGUI.jar:/guiPackage/MasterInterface$2.class
  12/241: dist/WEGAGUI.jar:/guiPackage/MasterInterface$3.class
  13/241: dist/WEGAGUI.jar:/guiPackage/MasterInterface.class
  14/241: dist/WEGAGUI.jar:/guiPackage/RunPage$1.class
  15/241: dist/WEGAGUI.jar:/guiPackage/RunPage$2.class
  16/241: dist/WEGAGUI.jar:/guiPackage/RunPage$3.class
  17/241: dist/WEGAGUI.jar:/guiPackage/RunPage$4.class
  18/241: dist/WEGAGUI.jar:/guiPackage/RunPage$5.class
  19/241: dist/WEGAGUI.jar:/guiPackage/RunPage$6.class
  20/241: dist/WEGAGUI.jar:/guiPackage/RunPage.class
  21/241: dist/WEGAGUI.jar:/guiPackage/StartGUI$1.class
  22/241: dist/WEGAGUI.jar:/guiPackage/StartGUI$2.class
  23/241: dist/WEGAGUI.jar:/guiPackage/StartGUI.class
  24/241: dist/WEGAGUI.jar:/guiPackage/mainRun$1.class
  25/241: dist/WEGAGUI.jar:/guiPackage/mainRun$2.class
  26/241: dist/WEGAGUI.jar:/guiPackage/mainRun.class
  27/241: dist/lib/AbsoluteLayout.jar:/org/netbeans/lib/awtextra/AbsoluteConstraints.class
  28/241: dist/lib/AbsoluteLayout.jar:/org/netbeans/lib/awtextra/AbsoluteLayout.class
  29/241: dist/lib/beansbinding-1.2.1.jar:/org/jdesktop/beansbinding/AbstractBindingListener.class
  30/241: dist/lib/beansbinding-1.2.1.jar:/org/jdesktop/beansbinding/AutoBinding$UpdateStrategy.class
  31/241: dist/lib/beansbinding-1.2.1.jar:/org/jdesktop/beansbinding/AutoBinding.class
  32/241: dist/lib/beansbinding-1.2.1.jar:/org/jdesktop/beansbinding/BeanProperty$1.class
  33/241: dist/lib/beansbinding-1.2.1.jar:/org/jdesktop/beansbinding/BeanProperty$SourceEntry.class
  34/241: dist/lib/beansbinding-1.2.1.jar:/org/jdesktop/beansbinding/BeanProperty.class
  35/241: dist/lib/beansbinding-1.2.1.jar:/org/jdesktop/beansbinding/Binding$1.class
  36/241: dist/lib/beansbinding-1.2.1.jar:/org/jdesktop/beansbinding/Binding$PSL.class
  37/241: dist/lib/beansbinding-1.2.1.jar:/org/jdesktop/beansbinding/Binding$SyncFailure.class
  38/241: dist/lib/beansbinding-1.2.1.jar:/org/jdesktop/beansbinding/Binding$SyncFailureType.class
  39/241: dist/lib/beansbinding-1.2.1.jar:/org/jdesktop/beansbinding/Binding$ValueResult.class
  40/241: dist/lib/beansbinding-1.2.1.jar:/org/jdesktop/beansbinding/Binding.class
  41/241: dist/lib/beansbinding-1.2.1.jar:/org/jdesktop/beansbinding/BindingGroup$1.class
  42/241: dist/lib/beansbinding-1.2.1.jar:/org/jdesktop/beansbinding/BindingGroup$Handler.class
  43/241: dist/lib/beansbinding-1.2.1.jar:/org/jdesktop/beansbinding/BindingGroup.class
  44/241: dist/lib/beansbinding-1.2.1.jar:/org/jdesktop/beansbinding/BindingListener.class
  45/241: dist/lib/beansbinding-1.2.1.jar:/org/jdesktop/beansbinding/Bindings.class
  46/241: dist/lib/beansbinding-1.2.1.jar:/org/jdesktop/beansbinding/Converter$1.class
  47/241: dist/lib/beansbinding-1.2.1.jar:/org/jdesktop/beansbinding/Converter$10.class
  48/241: dist/lib/beansbinding-1.2.1.jar:/org/jdesktop/beansbinding/Converter$11.class
  49/241: dist/lib/beansbinding-1.2.1.jar:/org/jdesktop/beansbinding/Converter$2.class
  50/241: dist/lib/beansbinding-1.2.1.jar:/org/jdesktop/beansbinding/Converter$3.class
  51/241: dist/lib/beansbinding-1.2.1.jar:/org/jdesktop/beansbinding/Converter$4.class
  52/241: dist/lib/beansbinding-1.2.1.jar:/org/jdesktop/beansbinding/Converter$5.class
  53/241: dist/lib/beansbinding-1.2.1.jar:/org/jdesktop/beansbinding/Converter$6.class
  54/241: dist/lib/beansbinding-1.2.1.jar:/org/jdesktop/beansbinding/Converter$7.class
  55/241: dist/lib/beansbinding-1.2.1.jar:/org/jdesktop/beansbinding/Converter$8.class
  56/241: dist/lib/beansbinding-1.2.1.jar:/org/jdesktop/beansbinding/Converter$9.class
  57/241: dist/lib/beansbinding-1.2.1.jar:/org/jdesktop/beansbinding/Converter.class
  58/241: dist/lib/beansbinding-1.2.1.jar:/org/jdesktop/beansbinding/ELProperty$1.class
  59/241: dist/lib/beansbinding-1.2.1.jar:/org/jdesktop/beansbinding/ELProperty$RegisteredListener.class
  60/241: dist/lib/beansbinding-1.2.1.jar:/org/jdesktop/beansbinding/ELProperty$SourceEntry.class
  61/241: dist/lib/beansbinding-1.2.1.jar:/org/jdesktop/beansbinding/ELProperty.class
  62/241: dist/lib/beansbinding-1.2.1.jar:/org/jdesktop/beansbinding/ObjectProperty.class
  63/241: dist/lib/beansbinding-1.2.1.jar:/org/jdesktop/beansbinding/Property.class
  64/241: dist/lib/beansbinding-1.2.1.jar:/org/jdesktop/beansbinding/PropertyHelper.class
  65/241: dist/lib/beansbinding-1.2.1.jar:/org/jdesktop/beansbinding/PropertyPath$1.class
  66/241: dist/lib/beansbinding-1.2.1.jar:/org/jdesktop/beansbinding/PropertyPath$MultiPropertyPath.class
  67/241: dist/lib/beansbinding-1.2.1.jar:/org/jdesktop/beansbinding/PropertyPath$SinglePropertyPath.class
  68/241: dist/lib/beansbinding-1.2.1.jar:/org/jdesktop/beansbinding/PropertyPath.class
  69/241: dist/lib/beansbinding-1.2.1.jar:/org/jdesktop/beansbinding/PropertyResolutionException.class
  70/241: dist/lib/beansbinding-1.2.1.jar:/org/jdesktop/beansbinding/PropertyStateEvent.class
  71/241: dist/lib/beansbinding-1.2.1.jar:/org/jdesktop/beansbinding/PropertyStateListener.class
  72/241: dist/lib/beansbinding-1.2.1.jar:/org/jdesktop/beansbinding/TempELContext$1.class
  73/241: dist/lib/beansbinding-1.2.1.jar:/org/jdesktop/beansbinding/TempELContext$BeanDelegateELResolver.class
  74/241: dist/lib/beansbinding-1.2.1.jar:/org/jdesktop/beansbinding/TempELContext.class
  75/241: dist/lib/beansbinding-1.2.1.jar:/org/jdesktop/beansbinding/Validator$Result.class
  76/241: dist/lib/beansbinding-1.2.1.jar:/org/jdesktop/beansbinding/Validator.class
  77/241: dist/lib/beansbinding-1.2.1.jar:/org/jdesktop/beansbinding/ext/BeanAdapterFactory$VendedAdapter.class
  78/241: dist/lib/beansbinding-1.2.1.jar:/org/jdesktop/beansbinding/ext/BeanAdapterFactory.class
  79/241: dist/lib/beansbinding-1.2.1.jar:/org/jdesktop/beansbinding/ext/BeanAdapterProvider.class
  80/241: dist/lib/beansbinding-1.2.1.jar:/org/jdesktop/el/ArrayELResolver.class
  81/241: dist/lib/beansbinding-1.2.1.jar:/org/jdesktop/el/BeanELResolver$BeanProperties.class
  82/241: dist/lib/beansbinding-1.2.1.jar:/org/jdesktop/el/BeanELResolver$BeanProperty.class
  83/241: dist/lib/beansbinding-1.2.1.jar:/org/jdesktop/el/BeanELResolver.class
  84/241: dist/lib/beansbinding-1.2.1.jar:/org/jdesktop/el/CompositeELResolver$CompositeIterator.class
  85/241: dist/lib/beansbinding-1.2.1.jar:/org/jdesktop/el/CompositeELResolver.class
  86/241: dist/lib/beansbinding-1.2.1.jar:/org/jdesktop/el/ELContext.class
  87/241: dist/lib/beansbinding-1.2.1.jar:/org/jdesktop/el/ELContextEvent.class
  88/241: dist/lib/beansbinding-1.2.1.jar:/org/jdesktop/el/ELContextListener.class
  89/241: dist/lib/beansbinding-1.2.1.jar:/org/jdesktop/el/ELException.class
  90/241: dist/lib/beansbinding-1.2.1.jar:/org/jdesktop/el/ELResolver.class
  91/241: dist/lib/beansbinding-1.2.1.jar:/org/jdesktop/el/ELUtil$1.class
  92/241: dist/lib/beansbinding-1.2.1.jar:/org/jdesktop/el/ELUtil.class
  93/241: dist/lib/beansbinding-1.2.1.jar:/org/jdesktop/el/Expression$ResolvedProperty.class
  94/241: dist/lib/beansbinding-1.2.1.jar:/org/jdesktop/el/Expression$Result$Type.class
  95/241: dist/lib/beansbinding-1.2.1.jar:/org/jdesktop/el/Expression$Result.class
  96/241: dist/lib/beansbinding-1.2.1.jar:/org/jdesktop/el/Expression.class
  97/241: dist/lib/beansbinding-1.2.1.jar:/org/jdesktop/el/ExpressionFactory.class
  98/241: dist/lib/beansbinding-1.2.1.jar:/org/jdesktop/el/FunctionMapper.class
  99/241: dist/lib/beansbinding-1.2.1.jar:/org/jdesktop/el/ListELResolver.class
 100/241: dist/lib/beansbinding-1.2.1.jar:/org/jdesktop/el/MapELResolver.class
 101/241: dist/lib/beansbinding-1.2.1.jar:/org/jdesktop/el/MethodExpression.class
 102/241: dist/lib/beansbinding-1.2.1.jar:/org/jdesktop/el/MethodInfo.class
 103/241: dist/lib/beansbinding-1.2.1.jar:/org/jdesktop/el/MethodNotFoundException.class
 104/241: dist/lib/beansbinding-1.2.1.jar:/org/jdesktop/el/PropertyNotFoundException.class
 105/241: dist/lib/beansbinding-1.2.1.jar:/org/jdesktop/el/PropertyNotWritableException.class
 106/241: dist/lib/beansbinding-1.2.1.jar:/org/jdesktop/el/ResourceBundleELResolver.class
 107/241: dist/lib/beansbinding-1.2.1.jar:/org/jdesktop/el/ValueExpression.class
 108/241: dist/lib/beansbinding-1.2.1.jar:/org/jdesktop/el/VariableMapper.class
 109/241: dist/lib/beansbinding-1.2.1.jar:/org/jdesktop/el/impl/ExpressionFactoryImpl.class
 110/241: dist/lib/beansbinding-1.2.1.jar:/org/jdesktop/el/impl/MethodExpressionImpl.class
 111/241: dist/lib/beansbinding-1.2.1.jar:/org/jdesktop/el/impl/MethodExpressionLiteral.class
 112/241: dist/lib/beansbinding-1.2.1.jar:/org/jdesktop/el/impl/ValueExpressionImpl.class
 113/241: dist/lib/beansbinding-1.2.1.jar:/org/jdesktop/el/impl/ValueExpressionLiteral.class
 114/241: dist/lib/beansbinding-1.2.1.jar:/org/jdesktop/el/impl/lang/ELArithmetic$BigDecimalDelegate.class
 115/241: dist/lib/beansbinding-1.2.1.jar:/org/jdesktop/el/impl/lang/ELArithmetic$BigIntegerDelegate.class
 116/241: dist/lib/beansbinding-1.2.1.jar:/org/jdesktop/el/impl/lang/ELArithmetic$DoubleDelegate.class
 117/241: dist/lib/beansbinding-1.2.1.jar:/org/jdesktop/el/impl/lang/ELArithmetic$LongDelegate.class
 118/241: dist/lib/beansbinding-1.2.1.jar:/org/jdesktop/el/impl/lang/ELArithmetic.class
 119/241: dist/lib/beansbinding-1.2.1.jar:/org/jdesktop/el/impl/lang/ELSupport.class
 120/241: dist/lib/beansbinding-1.2.1.jar:/org/jdesktop/el/impl/lang/EvaluationContext.class
 121/241: dist/lib/beansbinding-1.2.1.jar:/org/jdesktop/el/impl/lang/ExpressionBuilder.class
 122/241: dist/lib/beansbinding-1.2.1.jar:/org/jdesktop/el/impl/lang/FunctionMapperFactory.class
 123/241: dist/lib/beansbinding-1.2.1.jar:/org/jdesktop/el/impl/lang/FunctionMapperImpl$Function.class
 124/241: dist/lib/beansbinding-1.2.1.jar:/org/jdesktop/el/impl/lang/FunctionMapperImpl.class
 125/241: dist/lib/beansbinding-1.2.1.jar:/org/jdesktop/el/impl/lang/VariableMapperFactory.class
 126/241: dist/lib/beansbinding-1.2.1.jar:/org/jdesktop/el/impl/lang/VariableMapperImpl.class
 127/241: dist/lib/beansbinding-1.2.1.jar:/org/jdesktop/el/impl/parser/ArithmeticNode.class
 128/241: dist/lib/beansbinding-1.2.1.jar:/org/jdesktop/el/impl/parser/AstAnd.class
 129/241: dist/lib/beansbinding-1.2.1.jar:/org/jdesktop/el/impl/parser/AstBracketSuffix.class
 130/241: dist/lib/beansbinding-1.2.1.jar:/org/jdesktop/el/impl/parser/AstChoice.class
 131/241: dist/lib/beansbinding-1.2.1.jar:/org/jdesktop/el/impl/parser/AstCompositeExpression.class
 132/241: dist/lib/beansbinding-1.2.1.jar:/org/jdesktop/el/impl/parser/AstDeferredExpression.class
 133/241: dist/lib/beansbinding-1.2.1.jar:/org/jdesktop/el/impl/parser/AstDiv.class
 134/241: dist/lib/beansbinding-1.2.1.jar:/org/jdesktop/el/impl/parser/AstDotSuffix.class
 135/241: dist/lib/beansbinding-1.2.1.jar:/org/jdesktop/el/impl/parser/AstDynamicExpression.class
 136/241: dist/lib/beansbinding-1.2.1.jar:/org/jdesktop/el/impl/parser/AstEmpty.class
 137/241: dist/lib/beansbinding-1.2.1.jar:/org/jdesktop/el/impl/parser/AstEqual.class
 138/241: dist/lib/beansbinding-1.2.1.jar:/org/jdesktop/el/impl/parser/AstFalse.class
 139/241: dist/lib/beansbinding-1.2.1.jar:/org/jdesktop/el/impl/parser/AstFloatingPoint.class
 140/241: dist/lib/beansbinding-1.2.1.jar:/org/jdesktop/el/impl/parser/AstFunction.class
 141/241: dist/lib/beansbinding-1.2.1.jar:/org/jdesktop/el/impl/parser/AstGreaterThan.class
 142/241: dist/lib/beansbinding-1.2.1.jar:/org/jdesktop/el/impl/parser/AstGreaterThanEqual.class
 143/241: dist/lib/beansbinding-1.2.1.jar:/org/jdesktop/el/impl/parser/AstIdentifier.class
 144/241: dist/lib/beansbinding-1.2.1.jar:/org/jdesktop/el/impl/parser/AstInteger.class
 145/241: dist/lib/beansbinding-1.2.1.jar:/org/jdesktop/el/impl/parser/AstLessThan.class
 146/241: dist/lib/beansbinding-1.2.1.jar:/org/jdesktop/el/impl/parser/AstLessThanEqual.class
 147/241: dist/lib/beansbinding-1.2.1.jar:/org/jdesktop/el/impl/parser/AstLiteralExpression.class
 148/241: dist/lib/beansbinding-1.2.1.jar:/org/jdesktop/el/impl/parser/AstMinus.class
 149/241: dist/lib/beansbinding-1.2.1.jar:/org/jdesktop/el/impl/parser/AstMod.class
 150/241: dist/lib/beansbinding-1.2.1.jar:/org/jdesktop/el/impl/parser/AstMult.class
 151/241: dist/lib/beansbinding-1.2.1.jar:/org/jdesktop/el/impl/parser/AstNegative.class
 152/241: dist/lib/beansbinding-1.2.1.jar:/org/jdesktop/el/impl/parser/AstNot.class
 153/241: dist/lib/beansbinding-1.2.1.jar:/org/jdesktop/el/impl/parser/AstNotEqual.class
 154/241: dist/lib/beansbinding-1.2.1.jar:/org/jdesktop/el/impl/parser/AstNull.class
 155/241: dist/lib/beansbinding-1.2.1.jar:/org/jdesktop/el/impl/parser/AstOr.class
 156/241: dist/lib/beansbinding-1.2.1.jar:/org/jdesktop/el/impl/parser/AstPlus.class
 157/241: dist/lib/beansbinding-1.2.1.jar:/org/jdesktop/el/impl/parser/AstString.class
 158/241: dist/lib/beansbinding-1.2.1.jar:/org/jdesktop/el/impl/parser/AstTrue.class
 159/241: dist/lib/beansbinding-1.2.1.jar:/org/jdesktop/el/impl/parser/AstValue$Target.class
 160/241: dist/lib/beansbinding-1.2.1.jar:/org/jdesktop/el/impl/parser/AstValue.class
 161/241: dist/lib/beansbinding-1.2.1.jar:/org/jdesktop/el/impl/parser/BooleanNode.class
 162/241: dist/lib/beansbinding-1.2.1.jar:/org/jdesktop/el/impl/parser/ELParser$1.class
 163/241: dist/lib/beansbinding-1.2.1.jar:/org/jdesktop/el/impl/parser/ELParser$JJCalls.class
 164/241: dist/lib/beansbinding-1.2.1.jar:/org/jdesktop/el/impl/parser/ELParser$LookaheadSuccess.class
 165/241: dist/lib/beansbinding-1.2.1.jar:/org/jdesktop/el/impl/parser/ELParser.class
 166/241: dist/lib/beansbinding-1.2.1.jar:/org/jdesktop/el/impl/parser/ELParserConstants.class
 167/241: dist/lib/beansbinding-1.2.1.jar:/org/jdesktop/el/impl/parser/ELParserTokenManager.class
 168/241: dist/lib/beansbinding-1.2.1.jar:/org/jdesktop/el/impl/parser/ELParserTreeConstants.class
 169/241: dist/lib/beansbinding-1.2.1.jar:/org/jdesktop/el/impl/parser/JJTELParserState.class
 170/241: dist/lib/beansbinding-1.2.1.jar:/org/jdesktop/el/impl/parser/Node.class
 171/241: dist/lib/beansbinding-1.2.1.jar:/org/jdesktop/el/impl/parser/NodeVisitor.class
 172/241: dist/lib/beansbinding-1.2.1.jar:/org/jdesktop/el/impl/parser/ParseException.class
 173/241: dist/lib/beansbinding-1.2.1.jar:/org/jdesktop/el/impl/parser/SimpleCharStream.class
 174/241: dist/lib/beansbinding-1.2.1.jar:/org/jdesktop/el/impl/parser/SimpleNode.class
 175/241: dist/lib/beansbinding-1.2.1.jar:/org/jdesktop/el/impl/parser/Token.class
 176/241: dist/lib/beansbinding-1.2.1.jar:/org/jdesktop/el/impl/parser/TokenMgrError.class
 177/241: dist/lib/beansbinding-1.2.1.jar:/org/jdesktop/el/impl/util/MessageFactory.class
 178/241: dist/lib/beansbinding-1.2.1.jar:/org/jdesktop/el/impl/util/ReflectionUtil.class
 179/241: dist/lib/beansbinding-1.2.1.jar:/org/jdesktop/observablecollections/ObservableCollections$1.class
 180/241: dist/lib/beansbinding-1.2.1.jar:/org/jdesktop/observablecollections/ObservableCollections$ObservableListHelper.class
 181/241: dist/lib/beansbinding-1.2.1.jar:/org/jdesktop/observablecollections/ObservableCollections$ObservableListImpl.class
 182/241: dist/lib/beansbinding-1.2.1.jar:/org/jdesktop/observablecollections/ObservableCollections$ObservableMapImpl$EntryIterator.class
 183/241: dist/lib/beansbinding-1.2.1.jar:/org/jdesktop/observablecollections/ObservableCollections$ObservableMapImpl$EntrySet.class
 184/241: dist/lib/beansbinding-1.2.1.jar:/org/jdesktop/observablecollections/ObservableCollections$ObservableMapImpl.class
 185/241: dist/lib/beansbinding-1.2.1.jar:/org/jdesktop/observablecollections/ObservableCollections.class
 186/241: dist/lib/beansbinding-1.2.1.jar:/org/jdesktop/observablecollections/ObservableList.class
 187/241: dist/lib/beansbinding-1.2.1.jar:/org/jdesktop/observablecollections/ObservableListListener.class
 188/241: dist/lib/beansbinding-1.2.1.jar:/org/jdesktop/observablecollections/ObservableMap.class
 189/241: dist/lib/beansbinding-1.2.1.jar:/org/jdesktop/observablecollections/ObservableMapListener.class
 190/241: dist/lib/beansbinding-1.2.1.jar:/org/jdesktop/swingbinding/ElementsProperty$ElementsPropertyStateEvent.class
 191/241: dist/lib/beansbinding-1.2.1.jar:/org/jdesktop/swingbinding/ElementsProperty.class
 192/241: dist/lib/beansbinding-1.2.1.jar:/org/jdesktop/swingbinding/JComboBoxBinding$1.class
 193/241: dist/lib/beansbinding-1.2.1.jar:/org/jdesktop/swingbinding/JComboBoxBinding$BindingComboBoxModel.class
 194/241: dist/lib/beansbinding-1.2.1.jar:/org/jdesktop/swingbinding/JComboBoxBinding$Handler.class
 195/241: dist/lib/beansbinding-1.2.1.jar:/org/jdesktop/swingbinding/JComboBoxBinding.class
 196/241: dist/lib/beansbinding-1.2.1.jar:/org/jdesktop/swingbinding/JListBinding$1.class
 197/241: dist/lib/beansbinding-1.2.1.jar:/org/jdesktop/swingbinding/JListBinding$BindingListModel.class
 198/241: dist/lib/beansbinding-1.2.1.jar:/org/jdesktop/swingbinding/JListBinding$DetailBinding.class
 199/241: dist/lib/beansbinding-1.2.1.jar:/org/jdesktop/swingbinding/JListBinding$Handler.class
 200/241: dist/lib/beansbinding-1.2.1.jar:/org/jdesktop/swingbinding/JListBinding.class
 201/241: dist/lib/beansbinding-1.2.1.jar:/org/jdesktop/swingbinding/JTableBinding$1.class
 202/241: dist/lib/beansbinding-1.2.1.jar:/org/jdesktop/swingbinding/JTableBinding$BindingTableModel.class
 203/241: dist/lib/beansbinding-1.2.1.jar:/org/jdesktop/swingbinding/JTableBinding$ColumnBinding.class
 204/241: dist/lib/beansbinding-1.2.1.jar:/org/jdesktop/swingbinding/JTableBinding$ColumnProperty.class
 205/241: dist/lib/beansbinding-1.2.1.jar:/org/jdesktop/swingbinding/JTableBinding$Handler.class
 206/241: dist/lib/beansbinding-1.2.1.jar:/org/jdesktop/swingbinding/JTableBinding.class
 207/241: dist/lib/beansbinding-1.2.1.jar:/org/jdesktop/swingbinding/SwingBindings.class
 208/241: dist/lib/beansbinding-1.2.1.jar:/org/jdesktop/swingbinding/adapters/AbstractButtonAdapterProvider$1.class
 209/241: dist/lib/beansbinding-1.2.1.jar:/org/jdesktop/swingbinding/adapters/AbstractButtonAdapterProvider$Adapter$Handler.class
 210/241: dist/lib/beansbinding-1.2.1.jar:/org/jdesktop/swingbinding/adapters/AbstractButtonAdapterProvider$Adapter.class
 211/241: dist/lib/beansbinding-1.2.1.jar:/org/jdesktop/swingbinding/adapters/AbstractButtonAdapterProvider.class
 212/241: dist/lib/beansbinding-1.2.1.jar:/org/jdesktop/swingbinding/adapters/BeanAdapterBase.class
 213/241: dist/lib/beansbinding-1.2.1.jar:/org/jdesktop/swingbinding/adapters/JComboBoxAdapterProvider$1.class
 214/241: dist/lib/beansbinding-1.2.1.jar:/org/jdesktop/swingbinding/adapters/JComboBoxAdapterProvider$Adapter$Handler.class
 215/241: dist/lib/beansbinding-1.2.1.jar:/org/jdesktop/swingbinding/adapters/JComboBoxAdapterProvider$Adapter.class
 216/241: dist/lib/beansbinding-1.2.1.jar:/org/jdesktop/swingbinding/adapters/JComboBoxAdapterProvider.class
 217/241: dist/lib/beansbinding-1.2.1.jar:/org/jdesktop/swingbinding/adapters/JListAdapterProvider$1.class
 218/241: dist/lib/beansbinding-1.2.1.jar:/org/jdesktop/swingbinding/adapters/JListAdapterProvider$Adapter$Handler.class
 219/241: dist/lib/beansbinding-1.2.1.jar:/org/jdesktop/swingbinding/adapters/JListAdapterProvider$Adapter.class
 220/241: dist/lib/beansbinding-1.2.1.jar:/org/jdesktop/swingbinding/adapters/JListAdapterProvider.class
 221/241: dist/lib/beansbinding-1.2.1.jar:/org/jdesktop/swingbinding/adapters/JSliderAdapterProvider$1.class
 222/241: dist/lib/beansbinding-1.2.1.jar:/org/jdesktop/swingbinding/adapters/JSliderAdapterProvider$Adapter$Handler.class
 223/241: dist/lib/beansbinding-1.2.1.jar:/org/jdesktop/swingbinding/adapters/JSliderAdapterProvider$Adapter.class
 224/241: dist/lib/beansbinding-1.2.1.jar:/org/jdesktop/swingbinding/adapters/JSliderAdapterProvider.class
 225/241: dist/lib/beansbinding-1.2.1.jar:/org/jdesktop/swingbinding/adapters/JSpinnerAdapterProvider$1.class
 226/241: dist/lib/beansbinding-1.2.1.jar:/org/jdesktop/swingbinding/adapters/JSpinnerAdapterProvider$Adapter$Handler.class
 227/241: dist/lib/beansbinding-1.2.1.jar:/org/jdesktop/swingbinding/adapters/JSpinnerAdapterProvider$Adapter.class
 228/241: dist/lib/beansbinding-1.2.1.jar:/org/jdesktop/swingbinding/adapters/JSpinnerAdapterProvider.class
 229/241: dist/lib/beansbinding-1.2.1.jar:/org/jdesktop/swingbinding/adapters/JTableAdapterProvider$1.class
 230/241: dist/lib/beansbinding-1.2.1.jar:/org/jdesktop/swingbinding/adapters/JTableAdapterProvider$Adapter$Handler.class
 231/241: dist/lib/beansbinding-1.2.1.jar:/org/jdesktop/swingbinding/adapters/JTableAdapterProvider$Adapter.class
 232/241: dist/lib/beansbinding-1.2.1.jar:/org/jdesktop/swingbinding/adapters/JTableAdapterProvider.class
 233/241: dist/lib/beansbinding-1.2.1.jar:/org/jdesktop/swingbinding/adapters/JTextComponentAdapterProvider$1.class
 234/241: dist/lib/beansbinding-1.2.1.jar:/org/jdesktop/swingbinding/adapters/JTextComponentAdapterProvider$Adapter$Handler.class
 235/241: dist/lib/beansbinding-1.2.1.jar:/org/jdesktop/swingbinding/adapters/JTextComponentAdapterProvider$Adapter.class
 236/241: dist/lib/beansbinding-1.2.1.jar:/org/jdesktop/swingbinding/adapters/JTextComponentAdapterProvider.class
 237/241: dist/lib/beansbinding-1.2.1.jar:/org/jdesktop/swingbinding/impl/AbstractColumnBinding.class
 238/241: dist/lib/beansbinding-1.2.1.jar:/org/jdesktop/swingbinding/impl/ListBindingManager$ColumnDescriptionManager$EntryWrapper.class
 239/241: dist/lib/beansbinding-1.2.1.jar:/org/jdesktop/swingbinding/impl/ListBindingManager$ColumnDescriptionManager.class
 240/241: dist/lib/beansbinding-1.2.1.jar:/org/jdesktop/swingbinding/impl/ListBindingManager$ReusableBinding.class
 241/241: dist/lib/beansbinding-1.2.1.jar:/org/jdesktop/swingbinding/impl/ListBindingManager.class
-------------------------------------------------------------------
files: 241  errors: 0  warnings: 0  notices: 0

------------------------  Codegen Stage  ---------------------------------------

  0% done, 241/241 to go: dist/lib/beansbinding-1.2.1.jar:/org/jdesktop/swingbinding/impl/ListBindingManager.class
errors(0), warnings(0), notes(0); bytes(16805), time  0.41
  0% done, 240/241 to go: dist/lib/beansbinding-1.2.1.jar:/org/jdesktop/swingbinding/impl/ListBindingManager$ReusableBinding.class
errors(0), warnings(0), notes(0); bytes(6165), time  0.02
  0% done, 239/241 to go: dist/lib/beansbinding-1.2.1.jar:/org/jdesktop/swingbinding/impl/ListBindingManager$ColumnDescriptionManager.class
errors(0), warnings(0), notes(0); bytes(12984), time  0.12
  1% done, 238/241 to go: dist/lib/beansbinding-1.2.1.jar:/org/jdesktop/swingbinding/impl/ListBindingManager$ColumnDescriptionManager$EntryWrapper.class
errors(0), warnings(0), notes(0); bytes(6241), time  0.02
  1% done, 237/241 to go: dist/lib/beansbinding-1.2.1.jar:/org/jdesktop/swingbinding/impl/AbstractColumnBinding.class
errors(0), warnings(0), notes(0); bytes(4246), time  0.02
  2% done, 236/241 to go: dist/lib/beansbinding-1.2.1.jar:/org/jdesktop/swingbinding/adapters/JTextComponentAdapterProvider.class
errors(0), warnings(0), notes(0); bytes(9384), time  0.05
  2% done, 235/241 to go: dist/lib/beansbinding-1.2.1.jar:/org/jdesktop/swingbinding/adapters/JTextComponentAdapterProvider$Adapter.class
errors(0), warnings(0), notes(0); bytes(19199), time  0.18
  2% done, 234/241 to go: dist/lib/beansbinding-1.2.1.jar:/org/jdesktop/swingbinding/adapters/JTextComponentAdapterProvider$Adapter$Handler.class
errors(0), warnings(0), notes(0); bytes(16745), time  0.08
  3% done, 233/241 to go: dist/lib/beansbinding-1.2.1.jar:/org/jdesktop/swingbinding/adapters/JTextComponentAdapterProvider$1.class
errors(0), warnings(0), notes(0); bytes(3291), time  0.00
  3% done, 232/241 to go: dist/lib/beansbinding-1.2.1.jar:/org/jdesktop/swingbinding/adapters/JTableAdapterProvider.class
errors(0), warnings(0), notes(0); bytes(24884), time  0.26
  4% done, 231/241 to go: dist/lib/beansbinding-1.2.1.jar:/org/jdesktop/swingbinding/adapters/JTableAdapterProvider$Adapter.class
errors(0), warnings(0), notes(0); bytes(13362), time  0.08
  4% done, 230/241 to go: dist/lib/beansbinding-1.2.1.jar:/org/jdesktop/swingbinding/adapters/JTableAdapterProvider$Adapter$Handler.class
errors(0), warnings(0), notes(0); bytes(9591), time  0.04
  4% done, 229/241 to go: dist/lib/beansbinding-1.2.1.jar:/org/jdesktop/swingbinding/adapters/JTableAdapterProvider$1.class
errors(0), warnings(0), notes(0); bytes(3203), time  0.00
  5% done, 228/241 to go: dist/lib/beansbinding-1.2.1.jar:/org/jdesktop/swingbinding/adapters/JSpinnerAdapterProvider.class
errors(0), warnings(0), notes(0); bytes(8288), time  0.04
  5% done, 227/241 to go: dist/lib/beansbinding-1.2.1.jar:/org/jdesktop/swingbinding/adapters/JSpinnerAdapterProvider$Adapter.class
errors(0), warnings(0), notes(0); bytes(9542), time  0.05
  6% done, 226/241 to go: dist/lib/beansbinding-1.2.1.jar:/org/jdesktop/swingbinding/adapters/JSpinnerAdapterProvider$Adapter$Handler.class
errors(0), warnings(0), notes(0); bytes(8479), time  0.02
  6% done, 225/241 to go: dist/lib/beansbinding-1.2.1.jar:/org/jdesktop/swingbinding/adapters/JSpinnerAdapterProvider$1.class
errors(0), warnings(0), notes(0); bytes(3225), time  0.00
  7% done, 224/241 to go: dist/lib/beansbinding-1.2.1.jar:/org/jdesktop/swingbinding/adapters/JSliderAdapterProvider.class
errors(0), warnings(0), notes(0); bytes(8798), time  0.04
  7% done, 223/241 to go: dist/lib/beansbinding-1.2.1.jar:/org/jdesktop/swingbinding/adapters/JSliderAdapterProvider$Adapter.class
errors(0), warnings(0), notes(0); bytes(11133), time  0.07
  7% done, 222/241 to go: dist/lib/beansbinding-1.2.1.jar:/org/jdesktop/swingbinding/adapters/JSliderAdapterProvider$Adapter$Handler.class
errors(0), warnings(0), notes(0); bytes(9337), time  0.02
  8% done, 221/241 to go: dist/lib/beansbinding-1.2.1.jar:/org/jdesktop/swingbinding/adapters/JSliderAdapterProvider$1.class
errors(0), warnings(0), notes(0); bytes(3214), time  0.01
  8% done, 220/241 to go: dist/lib/beansbinding-1.2.1.jar:/org/jdesktop/swingbinding/adapters/JListAdapterProvider.class
errors(0), warnings(0), notes(0); bytes(16341), time  0.15
  9% done, 219/241 to go: dist/lib/beansbinding-1.2.1.jar:/org/jdesktop/swingbinding/adapters/JListAdapterProvider$Adapter.class
errors(0), warnings(0), notes(0); bytes(13973), time  0.09
  9% done, 218/241 to go: dist/lib/beansbinding-1.2.1.jar:/org/jdesktop/swingbinding/adapters/JListAdapterProvider$Adapter$Handler.class
errors(0), warnings(0), notes(0); bytes(9949), time  0.05
  9% done, 217/241 to go: dist/lib/beansbinding-1.2.1.jar:/org/jdesktop/swingbinding/adapters/JListAdapterProvider$1.class
errors(0), warnings(0), notes(0); bytes(3192), time  0.00
 10% done, 216/241 to go: dist/lib/beansbinding-1.2.1.jar:/org/jdesktop/swingbinding/adapters/JComboBoxAdapterProvider.class
errors(0), warnings(0), notes(0); bytes(8789), time  0.04
 10% done, 215/241 to go: dist/lib/beansbinding-1.2.1.jar:/org/jdesktop/swingbinding/adapters/JComboBoxAdapterProvider$Adapter.class
errors(0), warnings(0), notes(0); bytes(9660), time  0.05
 11% done, 214/241 to go: dist/lib/beansbinding-1.2.1.jar:/org/jdesktop/swingbinding/adapters/JComboBoxAdapterProvider$Adapter$Handler.class
errors(0), warnings(0), notes(0); bytes(8529), time  0.02
 11% done, 213/241 to go: dist/lib/beansbinding-1.2.1.jar:/org/jdesktop/swingbinding/adapters/JComboBoxAdapterProvider$1.class
errors(0), warnings(0), notes(0); bytes(3236), time  0.00
 12% done, 212/241 to go: dist/lib/beansbinding-1.2.1.jar:/org/jdesktop/swingbinding/adapters/BeanAdapterBase.class
errors(0), warnings(0), notes(0); bytes(13075), time  0.12
 12% done, 211/241 to go: dist/lib/beansbinding-1.2.1.jar:/org/jdesktop/swingbinding/adapters/AbstractButtonAdapterProvider.class
errors(0), warnings(0), notes(0); bytes(8750), time  0.03
 12% done, 210/241 to go: dist/lib/beansbinding-1.2.1.jar:/org/jdesktop/swingbinding/adapters/AbstractButtonAdapterProvider$Adapter.class
errors(0), warnings(0), notes(0); bytes(9927), time  0.05
 13% done, 209/241 to go: dist/lib/beansbinding-1.2.1.jar:/org/jdesktop/swingbinding/adapters/AbstractButtonAdapterProvider$Adapter$Handler.class
errors(0), warnings(0), notes(0); bytes(9127), time  0.02
 13% done, 208/241 to go: dist/lib/beansbinding-1.2.1.jar:/org/jdesktop/swingbinding/adapters/AbstractButtonAdapterProvider$1.class
errors(0), warnings(0), notes(0); bytes(3291), time  0.00
 14% done, 207/241 to go: dist/lib/beansbinding-1.2.1.jar:/org/jdesktop/swingbinding/SwingBindings.class
errors(0), warnings(0), notes(0); bytes(38199), time  0.22
 14% done, 206/241 to go: dist/lib/beansbinding-1.2.1.jar:/org/jdesktop/swingbinding/JTableBinding.class
errors(0), warnings(0), notes(0); bytes(26911), time  0.35
 14% done, 205/241 to go: dist/lib/beansbinding-1.2.1.jar:/org/jdesktop/swingbinding/JTableBinding$Handler.class
errors(0), warnings(0), notes(0); bytes(7816), time  0.08
 15% done, 204/241 to go: dist/lib/beansbinding-1.2.1.jar:/org/jdesktop/swingbinding/JTableBinding$ColumnProperty.class
errors(0), warnings(0), notes(0); bytes(10120), time  0.04
 15% done, 203/241 to go: dist/lib/beansbinding-1.2.1.jar:/org/jdesktop/swingbinding/JTableBinding$ColumnBinding.class
errors(0), warnings(0), notes(0); bytes(16186), time  0.12
 16% done, 202/241 to go: dist/lib/beansbinding-1.2.1.jar:/org/jdesktop/swingbinding/JTableBinding$BindingTableModel.class
errors(0), warnings(0), notes(0); bytes(22486), time  0.25
 16% done, 201/241 to go: dist/lib/beansbinding-1.2.1.jar:/org/jdesktop/swingbinding/JTableBinding$1.class
errors(0), warnings(0), notes(0); bytes(2980), time  0.00
 17% done, 200/241 to go: dist/lib/beansbinding-1.2.1.jar:/org/jdesktop/swingbinding/JListBinding.class
errors(0), warnings(0), notes(0); bytes(19856), time  0.14
 17% done, 199/241 to go: dist/lib/beansbinding-1.2.1.jar:/org/jdesktop/swingbinding/JListBinding$Handler.class
errors(0), warnings(0), notes(0); bytes(7843), time  0.07
 17% done, 198/241 to go: dist/lib/beansbinding-1.2.1.jar:/org/jdesktop/swingbinding/JListBinding$DetailBinding.class
errors(0), warnings(0), notes(0); bytes(5979), time  0.00
 18% done, 197/241 to go: dist/lib/beansbinding-1.2.1.jar:/org/jdesktop/swingbinding/JListBinding$BindingListModel.class
errors(0), warnings(0), notes(0); bytes(15895), time  0.13
 18% done, 196/241 to go: dist/lib/beansbinding-1.2.1.jar:/org/jdesktop/swingbinding/JListBinding$1.class
errors(0), warnings(0), notes(0); bytes(7959), time  0.03
 19% done, 195/241 to go: dist/lib/beansbinding-1.2.1.jar:/org/jdesktop/swingbinding/JComboBoxBinding.class
errors(0), warnings(0), notes(0); bytes(14322), time  0.11
 19% done, 194/241 to go: dist/lib/beansbinding-1.2.1.jar:/org/jdesktop/swingbinding/JComboBoxBinding$Handler.class
errors(0), warnings(0), notes(0); bytes(8041), time  0.06
 19% done, 193/241 to go: dist/lib/beansbinding-1.2.1.jar:/org/jdesktop/swingbinding/JComboBoxBinding$BindingComboBoxModel.class
errors(0), warnings(0), notes(0); bytes(18464), time  0.19
 20% done, 192/241 to go: dist/lib/beansbinding-1.2.1.jar:/org/jdesktop/swingbinding/JComboBoxBinding$1.class
errors(0), warnings(0), notes(0); bytes(3013), time  0.00
 20% done, 191/241 to go: dist/lib/beansbinding-1.2.1.jar:/org/jdesktop/swingbinding/ElementsProperty.class
errors(0), warnings(0), notes(0); bytes(11886), time  0.08
 21% done, 190/241 to go: dist/lib/beansbinding-1.2.1.jar:/org/jdesktop/swingbinding/ElementsProperty$ElementsPropertyStateEvent.class
errors(0), warnings(0), notes(0); bytes(7154), time  0.02
 21% done, 189/241 to go: dist/lib/beansbinding-1.2.1.jar:/org/jdesktop/observablecollections/ObservableMapListener.class
errors(0), warnings(0), notes(0); bytes(2613), time  0.00
 21% done, 188/241 to go: dist/lib/beansbinding-1.2.1.jar:/org/jdesktop/observablecollections/ObservableMap.class
errors(0), warnings(0), notes(0); bytes(3596), time  0.00
 22% done, 187/241 to go: dist/lib/beansbinding-1.2.1.jar:/org/jdesktop/observablecollections/ObservableListListener.class
errors(0), warnings(0), notes(0); bytes(3340), time  0.00
 22% done, 186/241 to go: dist/lib/beansbinding-1.2.1.jar:/org/jdesktop/observablecollections/ObservableList.class
errors(0), warnings(0), notes(0); bytes(4788), time  0.00
 23% done, 185/241 to go: dist/lib/beansbinding-1.2.1.jar:/org/jdesktop/observablecollections/ObservableCollections.class
errors(0), warnings(0), notes(0); bytes(7475), time  0.03
 23% done, 184/241 to go: dist/lib/beansbinding-1.2.1.jar:/org/jdesktop/observablecollections/ObservableCollections$ObservableMapImpl.class
errors(0), warnings(0), notes(0); bytes(20422), time  0.19
 24% done, 183/241 to go: dist/lib/beansbinding-1.2.1.jar:/org/jdesktop/observablecollections/ObservableCollections$ObservableMapImpl$EntrySet.class
errors(0), warnings(0), notes(0); bytes(14908), time  0.05
 24% done, 182/241 to go: dist/lib/beansbinding-1.2.1.jar:/org/jdesktop/observablecollections/ObservableCollections$ObservableMapImpl$EntryIterator.class
errors(0), warnings(0), notes(0); bytes(9851), time  0.04
 24% done, 181/241 to go: dist/lib/beansbinding-1.2.1.jar:/org/jdesktop/observablecollections/ObservableCollections$ObservableListImpl.class
errors(0), warnings(0), notes(0); bytes(26497), time  0.24
 25% done, 180/241 to go: dist/lib/beansbinding-1.2.1.jar:/org/jdesktop/observablecollections/ObservableCollections$ObservableListHelper.class
errors(0), warnings(0), notes(0); bytes(6664), time  0.02
 25% done, 179/241 to go: dist/lib/beansbinding-1.2.1.jar:/org/jdesktop/observablecollections/ObservableCollections$1.class
errors(0), warnings(0), notes(0); bytes(3203), time  0.00
 26% done, 178/241 to go: dist/lib/beansbinding-1.2.1.jar:/org/jdesktop/el/impl/util/ReflectionUtil.class
errors(0), warnings(0), notes(0); bytes(23601), time  0.24
 26% done, 177/241 to go: dist/lib/beansbinding-1.2.1.jar:/org/jdesktop/el/impl/util/MessageFactory.class
errors(0), warnings(0), notes(0); bytes(10734), time  0.06
 26% done, 176/241 to go: dist/lib/beansbinding-1.2.1.jar:/org/jdesktop/el/impl/parser/TokenMgrError.class
errors(0), warnings(0), notes(0); bytes(16794), time  0.12
 27% done, 175/241 to go: dist/lib/beansbinding-1.2.1.jar:/org/jdesktop/el/impl/parser/Token.class
errors(0), warnings(0), notes(0); bytes(4412), time  0.01
 27% done, 174/241 to go: dist/lib/beansbinding-1.2.1.jar:/org/jdesktop/el/impl/parser/SimpleNode.class
errors(0), warnings(0), notes(0); bytes(15515), time  0.15
 28% done, 173/241 to go: dist/lib/beansbinding-1.2.1.jar:/org/jdesktop/el/impl/parser/SimpleCharStream.class
errors(0), warnings(0), notes(0); bytes(24595), time  0.32
 28% done, 172/241 to go: dist/lib/beansbinding-1.2.1.jar:/org/jdesktop/el/impl/parser/ParseException.class
errors(0), warnings(0), notes(0); bytes(18134), time  0.20
 29% done, 171/241 to go: dist/lib/beansbinding-1.2.1.jar:/org/jdesktop/el/impl/parser/NodeVisitor.class
errors(0), warnings(0), notes(0); bytes(2274), time  0.00
 29% done, 170/241 to go: dist/lib/beansbinding-1.2.1.jar:/org/jdesktop/el/impl/parser/Node.class
errors(0), warnings(0), notes(0); bytes(4014), time  0.00
 29% done, 169/241 to go: dist/lib/beansbinding-1.2.1.jar:/org/jdesktop/el/impl/parser/JJTELParserState.class
errors(0), warnings(0), notes(0); bytes(11686), time  0.14
 30% done, 168/241 to go: dist/lib/beansbinding-1.2.1.jar:/org/jdesktop/el/impl/parser/ELParserTreeConstants.class
errors(0), warnings(0), notes(0); bytes(11954), time  0.02
 30% done, 167/241 to go: dist/lib/beansbinding-1.2.1.jar:/org/jdesktop/el/impl/parser/ELParserTokenManager.class
errors(0), warnings(0), notes(0); bytes(56793), time  2.10
 31% done, 166/241 to go: dist/lib/beansbinding-1.2.1.jar:/org/jdesktop/el/impl/parser/ELParserConstants.class
errors(0), warnings(0), notes(0); bytes(17019), time  0.03
 31% done, 165/241 to go: dist/lib/beansbinding-1.2.1.jar:/org/jdesktop/el/impl/parser/ELParser.class
errors(0), warnings(0), notes(0); bytes(63636), time  2.18
 31% done, 164/241 to go: dist/lib/beansbinding-1.2.1.jar:/org/jdesktop/el/impl/parser/ELParser$LookaheadSuccess.class
errors(0), warnings(0), notes(0); bytes(7705), time  0.00
 32% done, 163/241 to go: dist/lib/beansbinding-1.2.1.jar:/org/jdesktop/el/impl/parser/ELParser$JJCalls.class
errors(0), warnings(0), notes(0); bytes(3936), time  0.01
 32% done, 162/241 to go: dist/lib/beansbinding-1.2.1.jar:/org/jdesktop/el/impl/parser/ELParser$1.class
errors(0), warnings(0), notes(0); bytes(2955), time  0.00
 33% done, 161/241 to go: dist/lib/beansbinding-1.2.1.jar:/org/jdesktop/el/impl/parser/BooleanNode.class
errors(0), warnings(0), notes(0); bytes(5989), time  0.00
 33% done, 160/241 to go: dist/lib/beansbinding-1.2.1.jar:/org/jdesktop/el/impl/parser/AstValue.class
errors(0), warnings(0), notes(0); bytes(13738), time  0.16
 34% done, 159/241 to go: dist/lib/beansbinding-1.2.1.jar:/org/jdesktop/el/impl/parser/AstValue$Target.class
errors(0), warnings(0), notes(0); bytes(3560), time  0.00
 34% done, 158/241 to go: dist/lib/beansbinding-1.2.1.jar:/org/jdesktop/el/impl/parser/AstTrue.class
errors(0), warnings(0), notes(0); bytes(6182), time  0.01
 34% done, 157/241 to go: dist/lib/beansbinding-1.2.1.jar:/org/jdesktop/el/impl/parser/AstString.class
errors(0), warnings(0), notes(0); bytes(9004), time  0.04
 35% done, 156/241 to go: dist/lib/beansbinding-1.2.1.jar:/org/jdesktop/el/impl/parser/AstPlus.class
errors(0), warnings(0), notes(0); bytes(6732), time  0.06
 35% done, 155/241 to go: dist/lib/beansbinding-1.2.1.jar:/org/jdesktop/el/impl/parser/AstOr.class
errors(0), warnings(0), notes(0); bytes(6770), time  0.03
 36% done, 154/241 to go: dist/lib/beansbinding-1.2.1.jar:/org/jdesktop/el/impl/parser/AstNull.class
errors(0), warnings(0), notes(0); bytes(5887), time  0.00
 36% done, 153/241 to go: dist/lib/beansbinding-1.2.1.jar:/org/jdesktop/el/impl/parser/AstNotEqual.class
errors(0), warnings(0), notes(0); bytes(7063), time  0.12
 36% done, 152/241 to go: dist/lib/beansbinding-1.2.1.jar:/org/jdesktop/el/impl/parser/AstNot.class
errors(0), warnings(0), notes(0); bytes(7241), time  0.02
 37% done, 151/241 to go: dist/lib/beansbinding-1.2.1.jar:/org/jdesktop/el/impl/parser/AstNegative.class
errors(0), warnings(0), notes(0); bytes(11963), time  0.14
 37% done, 150/241 to go: dist/lib/beansbinding-1.2.1.jar:/org/jdesktop/el/impl/parser/AstMult.class
errors(0), warnings(0), notes(0); bytes(6737), time  0.02
 38% done, 149/241 to go: dist/lib/beansbinding-1.2.1.jar:/org/jdesktop/el/impl/parser/AstMod.class
errors(0), warnings(0), notes(0); bytes(6718), time  0.03
 38% done, 148/241 to go: dist/lib/beansbinding-1.2.1.jar:/org/jdesktop/el/impl/parser/AstMinus.class
errors(0), warnings(0), notes(0); bytes(6751), time  0.03
 39% done, 147/241 to go: dist/lib/beansbinding-1.2.1.jar:/org/jdesktop/el/impl/parser/AstLiteralExpression.class
errors(0), warnings(0), notes(0); bytes(8425), time  0.03
 39% done, 146/241 to go: dist/lib/beansbinding-1.2.1.jar:/org/jdesktop/el/impl/parser/AstLessThanEqual.class
errors(0), warnings(0), notes(0); bytes(7483), time  0.05
 39% done, 145/241 to go: dist/lib/beansbinding-1.2.1.jar:/org/jdesktop/el/impl/parser/AstLessThan.class
errors(0), warnings(0), notes(0); bytes(7425), time  0.03
 40% done, 144/241 to go: dist/lib/beansbinding-1.2.1.jar:/org/jdesktop/el/impl/parser/AstInteger.class
errors(0), warnings(0), notes(0); bytes(8378), time  0.03
 40% done, 143/241 to go: dist/lib/beansbinding-1.2.1.jar:/org/jdesktop/el/impl/parser/AstIdentifier.class
errors(0), warnings(0), notes(0); bytes(14699), time  0.24
 41% done, 142/241 to go: dist/lib/beansbinding-1.2.1.jar:/org/jdesktop/el/impl/parser/AstGreaterThanEqual.class
errors(0), warnings(0), notes(0); bytes(7524), time  0.04
 41% done, 141/241 to go: dist/lib/beansbinding-1.2.1.jar:/org/jdesktop/el/impl/parser/AstGreaterThan.class
errors(0), warnings(0), notes(0); bytes(7468), time  0.03
 41% done, 140/241 to go: dist/lib/beansbinding-1.2.1.jar:/org/jdesktop/el/impl/parser/AstFunction.class
errors(0), warnings(0), notes(0); bytes(13600), time  0.15
 42% done, 139/241 to go: dist/lib/beansbinding-1.2.1.jar:/org/jdesktop/el/impl/parser/AstFloatingPoint.class
errors(0), warnings(0), notes(0); bytes(8474), time  0.02
 42% done, 138/241 to go: dist/lib/beansbinding-1.2.1.jar:/org/jdesktop/el/impl/parser/AstFalse.class
errors(0), warnings(0), notes(0); bytes(6198), time  0.01
 43% done, 137/241 to go: dist/lib/beansbinding-1.2.1.jar:/org/jdesktop/el/impl/parser/AstEqual.class
errors(0), warnings(0), notes(0); bytes(7004), time  0.02
 43% done, 136/241 to go: dist/lib/beansbinding-1.2.1.jar:/org/jdesktop/el/impl/parser/AstEmpty.class
errors(0), warnings(0), notes(0); bytes(8813), time  0.06
 43% done, 135/241 to go: dist/lib/beansbinding-1.2.1.jar:/org/jdesktop/el/impl/parser/AstDynamicExpression.class
errors(0), warnings(0), notes(0); bytes(8143), time  0.03
 44% done, 134/241 to go: dist/lib/beansbinding-1.2.1.jar:/org/jdesktop/el/impl/parser/AstDotSuffix.class
errors(0), warnings(0), notes(0); bytes(5642), time  0.01
 44% done, 133/241 to go: dist/lib/beansbinding-1.2.1.jar:/org/jdesktop/el/impl/parser/AstDiv.class
errors(0), warnings(0), notes(0); bytes(6721), time  0.02
 45% done, 132/241 to go: dist/lib/beansbinding-1.2.1.jar:/org/jdesktop/el/impl/parser/AstDeferredExpression.class
errors(0), warnings(0), notes(0); bytes(8163), time  0.03
 45% done, 131/241 to go: dist/lib/beansbinding-1.2.1.jar:/org/jdesktop/el/impl/parser/AstCompositeExpression.class
errors(0), warnings(0), notes(0); bytes(8213), time  0.04
 46% done, 130/241 to go: dist/lib/beansbinding-1.2.1.jar:/org/jdesktop/el/impl/parser/AstChoice.class
errors(0), warnings(0), notes(0); bytes(7595), time  0.03
 46% done, 129/241 to go: dist/lib/beansbinding-1.2.1.jar:/org/jdesktop/el/impl/parser/AstBracketSuffix.class
errors(0), warnings(0), notes(0); bytes(6255), time  0.01
 46% done, 128/241 to go: dist/lib/beansbinding-1.2.1.jar:/org/jdesktop/el/impl/parser/AstAnd.class
errors(0), warnings(0), notes(0); bytes(6784), time  0.02
 47% done, 127/241 to go: dist/lib/beansbinding-1.2.1.jar:/org/jdesktop/el/impl/parser/ArithmeticNode.class
errors(0), warnings(0), notes(0); bytes(6028), time  0.01
 47% done, 126/241 to go: dist/lib/beansbinding-1.2.1.jar:/org/jdesktop/el/impl/lang/VariableMapperImpl.class
errors(0), warnings(0), notes(0); bytes(8317), time  0.04
 48% done, 125/241 to go: dist/lib/beansbinding-1.2.1.jar:/org/jdesktop/el/impl/lang/VariableMapperFactory.class
errors(0), warnings(0), notes(0); bytes(6490), time  0.03
 48% done, 124/241 to go: dist/lib/beansbinding-1.2.1.jar:/org/jdesktop/el/impl/lang/FunctionMapperImpl.class
errors(0), warnings(0), notes(0); bytes(10459), time  0.08
 48% done, 123/241 to go: dist/lib/beansbinding-1.2.1.jar:/org/jdesktop/el/impl/lang/FunctionMapperImpl$Function.class
errors(0), warnings(0), notes(0); bytes(14072), time  0.11
 49% done, 122/241 to go: dist/lib/beansbinding-1.2.1.jar:/org/jdesktop/el/impl/lang/FunctionMapperFactory.class
errors(0), warnings(0), notes(0); bytes(5481), time  0.02
 49% done, 121/241 to go: dist/lib/beansbinding-1.2.1.jar:/org/jdesktop/el/impl/lang/ExpressionBuilder.class
errors(0), warnings(0), notes(0); bytes(19459), time  0.28
 50% done, 120/241 to go: dist/lib/beansbinding-1.2.1.jar:/org/jdesktop/el/impl/lang/EvaluationContext.class
errors(0), warnings(0), notes(0); bytes(15014), time  0.11
 50% done, 119/241 to go: dist/lib/beansbinding-1.2.1.jar:/org/jdesktop/el/impl/lang/ELSupport.class
errors(0), warnings(0), notes(0); bytes(40836), time  0.67
 51% done, 118/241 to go: dist/lib/beansbinding-1.2.1.jar:/org/jdesktop/el/impl/lang/ELArithmetic.class
errors(0), warnings(0), notes(0); bytes(17276), time  0.17
 51% done, 117/241 to go: dist/lib/beansbinding-1.2.1.jar:/org/jdesktop/el/impl/lang/ELArithmetic$LongDelegate.class
errors(0), warnings(0), notes(0); bytes(8510), time  0.06
 51% done, 116/241 to go: dist/lib/beansbinding-1.2.1.jar:/org/jdesktop/el/impl/lang/ELArithmetic$DoubleDelegate.class
errors(0), warnings(0), notes(0); bytes(13241), time  0.15
 52% done, 115/241 to go: dist/lib/beansbinding-1.2.1.jar:/org/jdesktop/el/impl/lang/ELArithmetic$BigIntegerDelegate.class
errors(0), warnings(0), notes(0); bytes(9647), time  0.06
 52% done, 114/241 to go: dist/lib/beansbinding-1.2.1.jar:/org/jdesktop/el/impl/lang/ELArithmetic$BigDecimalDelegate.class
errors(0), warnings(0), notes(0); bytes(9844), time  0.07
 53% done, 113/241 to go: dist/lib/beansbinding-1.2.1.jar:/org/jdesktop/el/impl/ValueExpressionLiteral.class
errors(0), warnings(0), notes(0); bytes(13453), time  0.09
 53% done, 112/241 to go: dist/lib/beansbinding-1.2.1.jar:/org/jdesktop/el/impl/ValueExpressionImpl.class
errors(0), warnings(0), notes(0); bytes(18245), time  0.16
 53% done, 111/241 to go: dist/lib/beansbinding-1.2.1.jar:/org/jdesktop/el/impl/MethodExpressionLiteral.class
errors(0), warnings(0), notes(0); bytes(11021), time  0.06
 54% done, 110/241 to go: dist/lib/beansbinding-1.2.1.jar:/org/jdesktop/el/impl/MethodExpressionImpl.class
errors(0), warnings(0), notes(0); bytes(13061), time  0.09
 54% done, 109/241 to go: dist/lib/beansbinding-1.2.1.jar:/org/jdesktop/el/impl/ExpressionFactoryImpl.class
errors(0), warnings(0), notes(0); bytes(7863), time  0.03
 55% done, 108/241 to go: dist/lib/beansbinding-1.2.1.jar:/org/jdesktop/el/VariableMapper.class
errors(0), warnings(0), notes(0); bytes(2530), time  0.01
 55% done, 107/241 to go: dist/lib/beansbinding-1.2.1.jar:/org/jdesktop/el/ValueExpression.class
errors(0), warnings(0), notes(0); bytes(5321), time  0.01
 56% done, 106/241 to go: dist/lib/beansbinding-1.2.1.jar:/org/jdesktop/el/ResourceBundleELResolver.class
errors(0), warnings(0), notes(0); bytes(13175), time  0.10
 56% done, 105/241 to go: dist/lib/beansbinding-1.2.1.jar:/org/jdesktop/el/PropertyNotWritableException.class
errors(0), warnings(0), notes(0); bytes(8916), time  0.02
 56% done, 104/241 to go: dist/lib/beansbinding-1.2.1.jar:/org/jdesktop/el/PropertyNotFoundException.class
errors(0), warnings(0), notes(0); bytes(8826), time  0.01
 57% done, 103/241 to go: dist/lib/beansbinding-1.2.1.jar:/org/jdesktop/el/MethodNotFoundException.class
errors(0), warnings(0), notes(0); bytes(8766), time  0.02
 57% done, 102/241 to go: dist/lib/beansbinding-1.2.1.jar:/org/jdesktop/el/MethodInfo.class
errors(0), warnings(0), notes(0); bytes(4497), time  0.01
 58% done, 101/241 to go: dist/lib/beansbinding-1.2.1.jar:/org/jdesktop/el/MethodExpression.class
errors(0), warnings(0), notes(0); bytes(2853), time  0.00
 58% done, 100/241 to go: dist/lib/beansbinding-1.2.1.jar:/org/jdesktop/el/MapELResolver.class
errors(0), warnings(0), notes(0); bytes(14245), time  0.13
 58% done, 99/241 to go: dist/lib/beansbinding-1.2.1.jar:/org/jdesktop/el/ListELResolver.class
errors(0), warnings(0), notes(0); bytes(15264), time  0.16
 59% done, 98/241 to go: dist/lib/beansbinding-1.2.1.jar:/org/jdesktop/el/FunctionMapper.class
errors(0), warnings(0), notes(0); bytes(2585), time  0.00
 59% done, 97/241 to go: dist/lib/beansbinding-1.2.1.jar:/org/jdesktop/el/ExpressionFactory.class
errors(0), warnings(0), notes(0); bytes(3540), time  0.00
 60% done, 96/241 to go: dist/lib/beansbinding-1.2.1.jar:/org/jdesktop/el/Expression.class
errors(0), warnings(0), notes(0); bytes(3337), time  0.01
 60% done, 95/241 to go: dist/lib/beansbinding-1.2.1.jar:/org/jdesktop/el/Expression$Result.class
errors(0), warnings(0), notes(0); bytes(5740), time  0.01
 60% done, 94/241 to go: dist/lib/beansbinding-1.2.1.jar:/org/jdesktop/el/Expression$Result$Type.class
errors(0), warnings(0), notes(0); bytes(7516), time  0.03
 61% done, 93/241 to go: dist/lib/beansbinding-1.2.1.jar:/org/jdesktop/el/Expression$ResolvedProperty.class
errors(0), warnings(0), notes(0); bytes(6119), time  0.04
 61% done, 92/241 to go: dist/lib/beansbinding-1.2.1.jar:/org/jdesktop/el/ELUtil.class
errors(0), warnings(0), notes(0); bytes(12688), time  0.10
 62% done, 91/241 to go: dist/lib/beansbinding-1.2.1.jar:/org/jdesktop/el/ELUtil$1.class
errors(0), warnings(0), notes(0); bytes(5088), time  0.01
 62% done, 90/241 to go: dist/lib/beansbinding-1.2.1.jar:/org/jdesktop/el/ELResolver.class
errors(0), warnings(0), notes(0); bytes(4213), time  0.00
 63% done, 89/241 to go: dist/lib/beansbinding-1.2.1.jar:/org/jdesktop/el/ELException.class
errors(0), warnings(0), notes(0); bytes(9144), time  0.02
 63% done, 88/241 to go: dist/lib/beansbinding-1.2.1.jar:/org/jdesktop/el/ELContextListener.class
errors(0), warnings(0), notes(0); bytes(2301), time  0.00
 63% done, 87/241 to go: dist/lib/beansbinding-1.2.1.jar:/org/jdesktop/el/ELContextEvent.class
errors(0), warnings(0), notes(0); bytes(4427), time  0.01
 64% done, 86/241 to go: dist/lib/beansbinding-1.2.1.jar:/org/jdesktop/el/ELContext.class
errors(0), warnings(0), notes(0); bytes(7295), time  0.03
 64% done, 85/241 to go: dist/lib/beansbinding-1.2.1.jar:/org/jdesktop/el/CompositeELResolver.class
errors(0), warnings(0), notes(0); bytes(10856), time  0.13
 65% done, 84/241 to go: dist/lib/beansbinding-1.2.1.jar:/org/jdesktop/el/CompositeELResolver$CompositeIterator.class
errors(0), warnings(0), notes(0); bytes(9375), time  0.08
 65% done, 83/241 to go: dist/lib/beansbinding-1.2.1.jar:/org/jdesktop/el/BeanELResolver.class
errors(0), warnings(0), notes(0); bytes(22370), time  0.27
 65% done, 82/241 to go: dist/lib/beansbinding-1.2.1.jar:/org/jdesktop/el/BeanELResolver$BeanProperty.class
errors(0), warnings(0), notes(0); bytes(6412), time  0.03
 66% done, 81/241 to go: dist/lib/beansbinding-1.2.1.jar:/org/jdesktop/el/BeanELResolver$BeanProperties.class
errors(0), warnings(0), notes(0); bytes(7113), time  0.03
 66% done, 80/241 to go: dist/lib/beansbinding-1.2.1.jar:/org/jdesktop/el/ArrayELResolver.class
errors(0), warnings(0), notes(0); bytes(14667), time  0.14
 67% done, 79/241 to go: dist/lib/beansbinding-1.2.1.jar:/org/jdesktop/beansbinding/ext/BeanAdapterProvider.class
errors(0), warnings(0), notes(0); bytes(2757), time  0.00
 67% done, 78/241 to go: dist/lib/beansbinding-1.2.1.jar:/org/jdesktop/beansbinding/ext/BeanAdapterFactory.class
errors(0), warnings(0), notes(0); bytes(27229), time  0.32
 68% done, 77/241 to go: dist/lib/beansbinding-1.2.1.jar:/org/jdesktop/beansbinding/ext/BeanAdapterFactory$VendedAdapter.class
errors(0), warnings(0), notes(0); bytes(5858), time  0.01
 68% done, 76/241 to go: dist/lib/beansbinding-1.2.1.jar:/org/jdesktop/beansbinding/Validator.class
errors(0), warnings(0), notes(0); bytes(2728), time  0.00
 68% done, 75/241 to go: dist/lib/beansbinding-1.2.1.jar:/org/jdesktop/beansbinding/Validator$Result.class
errors(0), warnings(0), notes(0); bytes(6922), time  0.03
 69% done, 74/241 to go: dist/lib/beansbinding-1.2.1.jar:/org/jdesktop/beansbinding/TempELContext.class
errors(0), warnings(0), notes(0); bytes(5891), time  0.02
 69% done, 73/241 to go: dist/lib/beansbinding-1.2.1.jar:/org/jdesktop/beansbinding/TempELContext$BeanDelegateELResolver.class
errors(0), warnings(0), notes(0); bytes(12807), time  0.09
 70% done, 72/241 to go: dist/lib/beansbinding-1.2.1.jar:/org/jdesktop/beansbinding/TempELContext$1.class
errors(0), warnings(0), notes(0); bytes(2980), time  0.00
 70% done, 71/241 to go: dist/lib/beansbinding-1.2.1.jar:/org/jdesktop/beansbinding/PropertyStateListener.class
errors(0), warnings(0), notes(0); bytes(2501), time  0.00
 70% done, 70/241 to go: dist/lib/beansbinding-1.2.1.jar:/org/jdesktop/beansbinding/PropertyStateEvent.class
errors(0), warnings(0), notes(0); bytes(15416), time  0.11
 71% done, 69/241 to go: dist/lib/beansbinding-1.2.1.jar:/org/jdesktop/beansbinding/PropertyResolutionException.class
errors(0), warnings(0), notes(0); bytes(8308), time  0.01
 71% done, 68/241 to go: dist/lib/beansbinding-1.2.1.jar:/org/jdesktop/beansbinding/PropertyPath.class
errors(0), warnings(0), notes(0); bytes(9765), time  0.08
 72% done, 67/241 to go: dist/lib/beansbinding-1.2.1.jar:/org/jdesktop/beansbinding/PropertyPath$SinglePropertyPath.class
errors(0), warnings(0), notes(0); bytes(5750), time  0.02
 72% done, 66/241 to go: dist/lib/beansbinding-1.2.1.jar:/org/jdesktop/beansbinding/PropertyPath$MultiPropertyPath.class
errors(0), warnings(0), notes(0); bytes(8903), time  0.04
 73% done, 65/241 to go: dist/lib/beansbinding-1.2.1.jar:/org/jdesktop/beansbinding/PropertyPath$1.class
errors(0), warnings(0), notes(0); bytes(2969), time  0.00
 73% done, 64/241 to go: dist/lib/beansbinding-1.2.1.jar:/org/jdesktop/beansbinding/PropertyHelper.class
errors(0), warnings(0), notes(0); bytes(11450), time  0.11
 73% done, 63/241 to go: dist/lib/beansbinding-1.2.1.jar:/org/jdesktop/beansbinding/Property.class
errors(0), warnings(0), notes(0); bytes(4024), time  0.00
 74% done, 62/241 to go: dist/lib/beansbinding-1.2.1.jar:/org/jdesktop/beansbinding/ObjectProperty.class
errors(0), warnings(0), notes(0); bytes(9078), time  0.03
 74% done, 61/241 to go: dist/lib/beansbinding-1.2.1.jar:/org/jdesktop/beansbinding/ELProperty.class
errors(0), warnings(0), notes(0); bytes(45781), time  0.93
 75% done, 60/241 to go: dist/lib/beansbinding-1.2.1.jar:/org/jdesktop/beansbinding/ELProperty$SourceEntry.class
errors(0), warnings(0), notes(0); bytes(24493), time  0.24
 75% done, 59/241 to go: dist/lib/beansbinding-1.2.1.jar:/org/jdesktop/beansbinding/ELProperty$RegisteredListener.class
errors(0), warnings(0), notes(0); bytes(8927), time  0.05
 75% done, 58/241 to go: dist/lib/beansbinding-1.2.1.jar:/org/jdesktop/beansbinding/ELProperty$1.class
errors(0), warnings(0), notes(0); bytes(2947), time  0.00
 76% done, 57/241 to go: dist/lib/beansbinding-1.2.1.jar:/org/jdesktop/beansbinding/Converter.class
errors(0), warnings(0), notes(0); bytes(11407), time  0.11
 76% done, 56/241 to go: dist/lib/beansbinding-1.2.1.jar:/org/jdesktop/beansbinding/Converter$9.class
errors(0), warnings(0), notes(0); bytes(5465), time  0.02
 77% done, 55/241 to go: dist/lib/beansbinding-1.2.1.jar:/org/jdesktop/beansbinding/Converter$8.class
errors(0), warnings(0), notes(0); bytes(5051), time  0.02
 77% done, 54/241 to go: dist/lib/beansbinding-1.2.1.jar:/org/jdesktop/beansbinding/Converter$7.class
errors(0), warnings(0), notes(0); bytes(6191), time  0.02
 78% done, 53/241 to go: dist/lib/beansbinding-1.2.1.jar:/org/jdesktop/beansbinding/Converter$6.class
errors(0), warnings(0), notes(0); bytes(5165), time  0.01
 78% done, 52/241 to go: dist/lib/beansbinding-1.2.1.jar:/org/jdesktop/beansbinding/Converter$5.class
errors(0), warnings(0), notes(0); bytes(5149), time  0.02
 78% done, 51/241 to go: dist/lib/beansbinding-1.2.1.jar:/org/jdesktop/beansbinding/Converter$4.class
errors(0), warnings(0), notes(0); bytes(5185), time  0.01
 79% done, 50/241 to go: dist/lib/beansbinding-1.2.1.jar:/org/jdesktop/beansbinding/Converter$3.class
errors(0), warnings(0), notes(0); bytes(5223), time  0.02
 79% done, 49/241 to go: dist/lib/beansbinding-1.2.1.jar:/org/jdesktop/beansbinding/Converter$2.class
errors(0), warnings(0), notes(0); bytes(5200), time  0.01
 80% done, 48/241 to go: dist/lib/beansbinding-1.2.1.jar:/org/jdesktop/beansbinding/Converter$11.class
errors(0), warnings(0), notes(0); bytes(4921), time  0.02
 80% done, 47/241 to go: dist/lib/beansbinding-1.2.1.jar:/org/jdesktop/beansbinding/Converter$10.class
errors(0), warnings(0), notes(0); bytes(4921), time  0.02
 80% done, 46/241 to go: dist/lib/beansbinding-1.2.1.jar:/org/jdesktop/beansbinding/Converter$1.class
errors(0), warnings(0), notes(0); bytes(5184), time  0.01
 81% done, 45/241 to go: dist/lib/beansbinding-1.2.1.jar:/org/jdesktop/beansbinding/Bindings.class
errors(0), warnings(0), notes(0); bytes(9473), time  0.03
 81% done, 44/241 to go: dist/lib/beansbinding-1.2.1.jar:/org/jdesktop/beansbinding/BindingListener.class
errors(0), warnings(0), notes(0); bytes(2896), time  0.00
 82% done, 43/241 to go: dist/lib/beansbinding-1.2.1.jar:/org/jdesktop/beansbinding/BindingGroup.class
errors(0), warnings(0), notes(0); bytes(21011), time  0.26
 82% done, 42/241 to go: dist/lib/beansbinding-1.2.1.jar:/org/jdesktop/beansbinding/BindingGroup$Handler.class
errors(0), warnings(0), notes(0); bytes(11635), time  0.15
 82% done, 41/241 to go: dist/lib/beansbinding-1.2.1.jar:/org/jdesktop/beansbinding/BindingGroup$1.class
errors(0), warnings(0), notes(0); bytes(2969), time  0.00
 83% done, 40/241 to go: dist/lib/beansbinding-1.2.1.jar:/org/jdesktop/beansbinding/Binding.class
errors(0), warnings(0), notes(0); bytes(53897), time  0.55
 83% done, 39/241 to go: dist/lib/beansbinding-1.2.1.jar:/org/jdesktop/beansbinding/Binding$ValueResult.class
errors(0), warnings(0), notes(0); bytes(10343), time  0.04
 84% done, 38/241 to go: dist/lib/beansbinding-1.2.1.jar:/org/jdesktop/beansbinding/Binding$SyncFailureType.class
errors(0), warnings(0), notes(0); bytes(9339), time  0.04
 84% done, 37/241 to go: dist/lib/beansbinding-1.2.1.jar:/org/jdesktop/beansbinding/Binding$SyncFailure.class
errors(0), warnings(0), notes(0); bytes(15892), time  0.11
 85% done, 36/241 to go: dist/lib/beansbinding-1.2.1.jar:/org/jdesktop/beansbinding/Binding$PSL.class
errors(0), warnings(0), notes(0); bytes(5557), time  0.02
 85% done, 35/241 to go: dist/lib/beansbinding-1.2.1.jar:/org/jdesktop/beansbinding/Binding$1.class
errors(0), warnings(0), notes(0); bytes(2914), time  0.00
 85% done, 34/241 to go: dist/lib/beansbinding-1.2.1.jar:/org/jdesktop/beansbinding/BeanProperty.class
errors(0), warnings(0), notes(0); bytes(47794), time  0.74
 86% done, 33/241 to go: dist/lib/beansbinding-1.2.1.jar:/org/jdesktop/beansbinding/BeanProperty$SourceEntry.class
errors(0), warnings(0), notes(0); bytes(24623), time  0.25
 86% done, 32/241 to go: dist/lib/beansbinding-1.2.1.jar:/org/jdesktop/beansbinding/BeanProperty$1.class
errors(0), warnings(0), notes(0); bytes(2969), time  0.00
 87% done, 31/241 to go: dist/lib/beansbinding-1.2.1.jar:/org/jdesktop/beansbinding/AutoBinding.class
errors(0), warnings(0), notes(0); bytes(11422), time  0.10
 87% done, 30/241 to go: dist/lib/beansbinding-1.2.1.jar:/org/jdesktop/beansbinding/AutoBinding$UpdateStrategy.class
errors(0), warnings(0), notes(0); bytes(8175), time  0.03
 87% done, 29/241 to go: dist/lib/beansbinding-1.2.1.jar:/org/jdesktop/beansbinding/AbstractBindingListener.class
errors(0), warnings(0), notes(0); bytes(5785), time  0.03
 88% done, 28/241 to go: dist/lib/AbsoluteLayout.jar:/org/netbeans/lib/awtextra/AbsoluteLayout.class
errors(0), warnings(0), notes(0); bytes(13227), time  0.13
 88% done, 27/241 to go: dist/lib/AbsoluteLayout.jar:/org/netbeans/lib/awtextra/AbsoluteConstraints.class
errors(0), warnings(0), notes(0); bytes(10084), time  0.04
 89% done, 26/241 to go: dist/WEGAGUI.jar:/guiPackage/mainRun.class
errors(0), warnings(0), notes(0); bytes(117887), time  0.41
 89% done, 25/241 to go: dist/WEGAGUI.jar:/guiPackage/mainRun$2.class
errors(0), warnings(0), notes(0); bytes(4258), time  0.01
 90% done, 24/241 to go: dist/WEGAGUI.jar:/guiPackage/mainRun$1.class
errors(0), warnings(0), notes(0); bytes(4258), time  0.01
 90% done, 23/241 to go: dist/WEGAGUI.jar:/guiPackage/StartGUI.class
errors(0), warnings(0), notes(0); bytes(113024), time  0.24
 90% done, 22/241 to go: dist/WEGAGUI.jar:/guiPackage/StartGUI$2.class
errors(0), warnings(0), notes(0); bytes(4274), time  0.01
 91% done, 21/241 to go: dist/WEGAGUI.jar:/guiPackage/StartGUI$1.class
errors(0), warnings(0), notes(0); bytes(4274), time  0.01
 91% done, 20/241 to go: dist/WEGAGUI.jar:/guiPackage/RunPage.class
errors(0), warnings(0), notes(0); bytes(115300), time  0.27
 92% done, 19/241 to go: dist/WEGAGUI.jar:/guiPackage/RunPage$6.class
errors(0), warnings(0), notes(0); bytes(4258), time  0.01
 92% done, 18/241 to go: dist/WEGAGUI.jar:/guiPackage/RunPage$5.class
errors(0), warnings(0), notes(0); bytes(4258), time  0.00
 92% done, 17/241 to go: dist/WEGAGUI.jar:/guiPackage/RunPage$4.class
errors(0), warnings(0), notes(0); bytes(4258), time  0.01
 93% done, 16/241 to go: dist/WEGAGUI.jar:/guiPackage/RunPage$3.class
errors(0), warnings(0), notes(0); bytes(4258), time  0.01
 93% done, 15/241 to go: dist/WEGAGUI.jar:/guiPackage/RunPage$2.class
errors(0), warnings(0), notes(0); bytes(4258), time  0.00
 94% done, 14/241 to go: dist/WEGAGUI.jar:/guiPackage/RunPage$1.class
errors(0), warnings(0), notes(0); bytes(4258), time  0.01
 94% done, 13/241 to go: dist/WEGAGUI.jar:/guiPackage/MasterInterface.class
errors(0), warnings(0), notes(0); bytes(117152), time  0.54
 95% done, 12/241 to go: dist/WEGAGUI.jar:/guiPackage/MasterInterface$3.class
errors(0), warnings(0), notes(0); bytes(4386), time  0.00
 95% done, 11/241 to go: dist/WEGAGUI.jar:/guiPackage/MasterInterface$2.class
errors(0), warnings(0), notes(0); bytes(4386), time  0.01
 95% done, 10/241 to go: dist/WEGAGUI.jar:/guiPackage/MasterInterface$1.class
errors(0), warnings(0), notes(0); bytes(4386), time  0.01
 96% done, 9/241 to go: dist/WEGAGUI.jar:/guiPackage/JobStartup_pg.class
errors(0), warnings(0), notes(0); bytes(190263), time  0.16
 96% done, 8/241 to go: dist/WEGAGUI.jar:/guiPackage/JobStartup_pg$8.class
errors(0), warnings(0), notes(0); bytes(4365), time  0.01
 97% done, 7/241 to go: dist/WEGAGUI.jar:/guiPackage/JobStartup_pg$7.class
errors(0), warnings(0), notes(0); bytes(4365), time  0.01
 97% done, 6/241 to go: dist/WEGAGUI.jar:/guiPackage/JobStartup_pg$6.class
errors(0), warnings(0), notes(0); bytes(4365), time  0.01
 97% done, 5/241 to go: dist/WEGAGUI.jar:/guiPackage/JobStartup_pg$5.class
errors(0), warnings(0), notes(0); bytes(4365), time  0.00
 98% done, 4/241 to go: dist/WEGAGUI.jar:/guiPackage/JobStartup_pg$4.class
errors(0), warnings(0), notes(0); bytes(4365), time  0.01
 98% done, 3/241 to go: dist/WEGAGUI.jar:/guiPackage/JobStartup_pg$3.class
errors(0), warnings(0), notes(0); bytes(4365), time  0.00
 99% done, 2/241 to go: dist/WEGAGUI.jar:/guiPackage/JobStartup_pg$2.class
errors(0), warnings(0), notes(0); bytes(4365), time  0.01
 99% done, 1/241 to go: dist/WEGAGUI.jar:/guiPackage/JobStartup_pg$1.class
errors(0), warnings(0), notes(0); bytes(4365), time  0.01
Processing startup profile...
New "/home/n00r/NetBeansProjects/WEGAGUI/WEGAGUI_jetpdb/nums.clnums" is generated
Preparing resources for packing ...
Processing dist/WEGAGUI.jar ...
Processing dist/lib/AbsoluteLayout.jar ...
Processing dist/lib/beansbinding-1.2.1.jar ...
Resources were successfully prepared for packing.
-------------------------------------------------------------------
files: 241  errors: 0  warnings: 0  notices: 0

1 methods were compiled with a lower optimization level
due to their very large sizes. These methods' names are logged in WEGAGUI.vaz
with the "LONGLONGTIME:" prefix.

For more details, see JET User's Guide (Chapter "Application considerations",
Section "Baseline compilation").


XDS Link Version 2.24.17 Copyright (c) Excelsior 1995-2015.
No errors, no warnings

Link time 0:00.58

Total compilation time 0:25.65
Startup Accelerator Helper Version 1.2 Copyright (c) Excelsior 2010-2015.

Running application:
  /home/n00r/NetBeansProjects/WEGAGUI/WEGAGUI


Application terminated with exit code 0
Profile successfully hard-wired into "/home/n00r/NetBeansProjects/WEGAGUI/WEGAGUI"

